Removed Pin From Net: NetName=GND Pin=U?-1
Removed Pin From Net: NetName=GND Pin=U?-2
Removed Pin From Net: NetName=GYSMISO1 Pin=U?-3
Removed Pin From Net: NetName=GYSCS2 Pin=U?-4
Removed Pin From Net: NetName=GYSMISO2 Pin=U?-5
Removed Pin From Net: NetName=GND Pin=U?-6
Removed Pin From Net: NetName=GND Pin=U?-7
Removed Pin From Net: NetName=GND Pin=U?-11
Removed Pin From Net: NetName=GYSMOSI1 Pin=U?-12
Change Component Designator: OldDesignator=*? NewDesignator=*1
Change Component Designator: OldDesignator=*? NewDesignator=*2
Change Component Designator: OldDesignator=C? NewDesignator=C1
Change Component Designator: OldDesignator=C? NewDesignator=C2
Change Component Designator: OldDesignator=C? NewDesignator=C3
Change Component Designator: OldDesignator=C? NewDesignator=C4
Change Component Designator: OldDesignator=C? NewDesignator=C5
Change Component Designator: OldDesignator=C? NewDesignator=C6
Change Component Designator: OldDesignator=C? NewDesignator=C7
Change Component Designator: OldDesignator=C? NewDesignator=C8
Change Component Designator: OldDesignator=C? NewDesignator=C9
Change Component Designator: OldDesignator=C? NewDesignator=C10
Change Component Designator: OldDesignator=C? NewDesignator=C11
Change Component Designator: OldDesignator=C? NewDesignator=C12
Change Component Designator: OldDesignator=C? NewDesignator=C13
Change Component Designator: OldDesignator=C? NewDesignator=C14
Change Component Designator: OldDesignator=C? NewDesignator=C15
Change Component Designator: OldDesignator=C? NewDesignator=C16
Change Component Designator: OldDesignator=C? NewDesignator=C17
Change Component Designator: OldDesignator=C? NewDesignator=C18
Change Component Designator: OldDesignator=C? NewDesignator=C19
Change Component Designator: OldDesignator=C? NewDesignator=C20
Change Component Designator: OldDesignator=C? NewDesignator=C21
Change Component Designator: OldDesignator=C? NewDesignator=C22
Change Component Designator: OldDesignator=C? NewDesignator=C23
Change Component Designator: OldDesignator=C? NewDesignator=C24
Change Component Designator: OldDesignator=C? NewDesignator=C25
Change Component Designator: OldDesignator=C? NewDesignator=C26
Change Component Designator: OldDesignator=C? NewDesignator=C27
Change Component Designator: OldDesignator=C? NewDesignator=C28
Change Component Designator: OldDesignator=C? NewDesignator=C29
Change Component Designator: OldDesignator=C? NewDesignator=C30
Change Component Designator: OldDesignator=C? NewDesignator=C31
Change Component Designator: OldDesignator=C? NewDesignator=C32
Change Component Designator: OldDesignator=D? NewDesignator=D1
Change Component Designator: OldDesignator=D? NewDesignator=D2
Change Component Designator: OldDesignator=L? NewDesignator=L1
Change Component Designator: OldDesignator=L? NewDesignator=L2
Change Component Designator: OldDesignator=L? NewDesignator=L3
Change Component Designator: OldDesignator=L? NewDesignator=L4
Change Component Designator: OldDesignator=P? NewDesignator=P1
Change Component Designator: OldDesignator=P? NewDesignator=P2
Change Component Designator: OldDesignator=P? NewDesignator=P3
Change Component Designator: OldDesignator=P? NewDesignator=P4
Change Component Designator: OldDesignator=P? NewDesignator=P5
Change Component Designator: OldDesignator=P? NewDesignator=P6
Change Component Designator: OldDesignator=P? NewDesignator=P7
Change Component Designator: OldDesignator=P? NewDesignator=P8
Change Component Designator: OldDesignator=SD? NewDesignator=SD1
Change Component Designator: OldDesignator=U? NewDesignator=U1
Change Component Designator: OldDesignator=U? NewDesignator=U2
Change Net Name : Old Net Name=Net*?_2 New Net Name=Net*2_2
Change Net Name : Old Net Name=Net*?_3 New Net Name=Net*2_3
Change Net Name : Old Net Name=Net*?_4 New Net Name=Net*2_4
Change Net Name : Old Net Name=Net*?_5 New Net Name=Net*2_5
Change Net Name : Old Net Name=Net*?_6 New Net Name=Net*2_6
Change Net Name : Old Net Name=Net*?_7 New Net Name=Net*2_7
Change Net Name : Old Net Name=Net*?_10 New Net Name=Net*2_10
Change Net Name : Old Net Name=Net*?_11 New Net Name=Net*2_11
Change Net Name : Old Net Name=Net*?_12 New Net Name=Net*2_12
Change Net Name : Old Net Name=Net*?_13 New Net Name=Net*2_13
Change Net Name : Old Net Name=Net*?_14 New Net Name=Net*2_14
Change Net Name : Old Net Name=Net*?_15 New Net Name=Net*2_15
Change Net Name : Old Net Name=Net*?_18 New Net Name=Net*2_18
Change Net Name : Old Net Name=Net*?_20 New Net Name=Net*2_20
Change Net Name : Old Net Name=Net*?_21 New Net Name=Net*2_21
Change Net Name : Old Net Name=Net*?_22 New Net Name=Net*2_22
Change Net Name : Old Net Name=Net*?_23 New Net Name=Net*2_23
Change Net Name : Old Net Name=Net*?_24 New Net Name=Net*2_24
Change Net Name : Old Net Name=Net*?_25 New Net Name=Net*2_25
Change Net Name : Old Net Name=Net*?_27 New Net Name=Net*2_27
Change Net Name : Old Net Name=Net*?_28 New Net Name=Net*2_28
Change Net Name : Old Net Name=Net*?_29 New Net Name=Net*2_29
Change Net Name : Old Net Name=Net*?_30 New Net Name=Net*2_30
Change Net Name : Old Net Name=Net*?_31 New Net Name=Net*2_31
Change Net Name : Old Net Name=Net*?_32 New Net Name=Net*2_32
Change Net Name : Old Net Name=Net*?_33 New Net Name=Net*2_33
Change Net Name : Old Net Name=Net*?_34 New Net Name=Net*2_34
Change Net Name : Old Net Name=Net*?_37 New Net Name=Net*2_37
Change Net Name : Old Net Name=Net*?_38 New Net Name=Net*2_38
Change Net Name : Old Net Name=Net*?_39 New Net Name=Net*2_39
Change Net Name : Old Net Name=Net*?_41 New Net Name=Net*2_41
Change Net Name : Old Net Name=Net*?_42 New Net Name=Net*2_42
Change Net Name : Old Net Name=Net*?_43 New Net Name=Net*2_43
Change Net Name : Old Net Name=Net*?_44 New Net Name=Net*2_44
Change Net Name : Old Net Name=Net*?_46 New Net Name=Net*2_46
Change Net Name : Old Net Name=Net*?_47 New Net Name=Net*2_47
Change Net Name : Old Net Name=Net*?_49 New Net Name=Net*2_49
Change Net Name : Old Net Name=Net*?_52 New Net Name=Net*2_52
Change Net Name : Old Net Name=Net*?_53 New Net Name=Net*2_53
Change Net Name : Old Net Name=Net*?_54 New Net Name=Net*2_54
Change Net Name : Old Net Name=Net*?_55 New Net Name=Net*2_55
Change Net Name : Old Net Name=Net*?_115 New Net Name=Net*1_115
Change Net Name : Old Net Name=Net*?_117 New Net Name=Net*1_117
Change Net Name : Old Net Name=NetL?_1 New Net Name=NetL1_1
Added Pin To Net: NetName=NetC16_2 Pin=C16-2
Added Net: Name=NetC16_2
Added Pin To Net: NetName=NetC17_2 Pin=C17-2
Added Net: Name=NetC17_2
Added Pin To Net: NetName=NetC18_2 Pin=C18-2
Added Pin To Net: NetName=NetC18_2 Pin=D1-1
Added Net: Name=NetC18_2
Added Pin To Net: NetName=NetC24_1 Pin=C24-1
Added Pin To Net: NetName=NetC24_1 Pin=C25-1
Added Net: Name=NetC24_1
Added Pin To Net: NetName=NetC26_1 Pin=C26-1
Added Pin To Net: NetName=NetC26_1 Pin=C27-2
Added Net: Name=NetC26_1
Added Pin To Net: NetName=NetC30_2 Pin=C30-2
Added Net: Name=NetC30_2
Added Pin To Net: NetName=NetC31_2 Pin=C31-2
Added Net: Name=NetC31_2
Added Pin To Net: NetName=NetC32_2 Pin=C32-2
Added Pin To Net: NetName=NetC32_2 Pin=D2-1
Added Net: Name=NetC32_2
Added Pin To Net: NetName=NetD1_2 Pin=D1-2
Added Pin To Net: NetName=NetD1_2 Pin=L3-1
Added Net: Name=NetD1_2
Added Pin To Net: NetName=NetD2_2 Pin=D2-2
Added Pin To Net: NetName=NetD2_2 Pin=L4-1
Added Net: Name=NetD2_2
Added Member To Class: ClassName=ABC2 Member=Component *1 ATSAMD51P20A
Added Member To Class: ClassName=ABC2 Member=Component C2 10uF
Added Member To Class: ClassName=ABC2 Member=Component C3 10uF
Added Member To Class: ClassName=ABC2 Member=Component C4 .1uf
Added Member To Class: ClassName=ABC2 Member=Component C5 .1uf
Added Member To Class: ClassName=ABC2 Member=Component C6 .1uf
Added Member To Class: ClassName=ABC2 Member=Component C7 .1uf
Added Member To Class: ClassName=ABC2 Member=Component C8 .1uf
Added Member To Class: ClassName=ABC2 Member=Component C9 .1uf
Added Member To Class: ClassName=ABC2 Member=Component C10 1uF
Added Member To Class: ClassName=ABC2 Member=Component C11 (16V 0.1uF)
Added Member To Class: ClassName=ABC2 Member=Component C12 1uF
Added Member To Class: ClassName=ABC2 Member=Component C13 1uF
Added Member To Class: ClassName=ABC2 Member=Component C14 1uF
Added Member To Class: ClassName=ABC2 Member=Component C15 100nF
Added Member To Class: ClassName=ABC2 Member=Component C16 1uF
Added Member To Class: ClassName=ABC2 Member=Component C17 1uF
Added Member To Class: ClassName=ABC2 Member=Component C18 100nF
Added Member To Class: ClassName=ABC2 Member=Component C19 100nF
Added Member To Class: ClassName=ABC2 Member=Component C20 1uF
Added Member To Class: ClassName=ABC2 Member=Component C21 .1uf
Added Member To Class: ClassName=ABC2 Member=Component C22 100nF
Added Member To Class: ClassName=ABC2 Member=Component C23 1uF
Added Member To Class: ClassName=ABC2 Member=Component C24 1uF
Added Member To Class: ClassName=ABC2 Member=Component C25 1uF
Added Member To Class: ClassName=ABC2 Member=Component C26 100nF
Added Member To Class: ClassName=ABC2 Member=Component C27 1uF
Added Member To Class: ClassName=ABC2 Member=Component C28 1uF
Added Member To Class: ClassName=ABC2 Member=Component C29 100nF
Added Member To Class: ClassName=ABC2 Member=Component C30 1uF
Added Member To Class: ClassName=ABC2 Member=Component C31 1uF
Added Member To Class: ClassName=ABC2 Member=Component C32 100nF
Added Member To Class: ClassName=ABC2 Member=Component D2 >24V breakdown
Added Member To Class: ClassName=ABC2 Member=Component L2 742792023
Added Member To Class: ClassName=ABC2 Member=Component L3 560uH, 50mA
Added Member To Class: ClassName=ABC2 Member=Component L4 560uH, 50mA
Added Member To Class: ClassName=ABC2 Member=Component P2 61301021121
Added Member To Class: ClassName=ABC2 Member=Component P3 61301021121
Added Member To Class: ClassName=ABC2 Member=Component P4 53261-0471
Added Member To Class: ClassName=ABC2 Member=Component P5 53398-1071
Added Member To Class: ClassName=ABC2 Member=Component P6 53398-1071
Added Member To Class: ClassName=ABC2 Member=Component P7 53398-1071
Added Member To Class: ClassName=ABC2 Member=Component P8 53398-1071
Added Member To Class: ClassName=ABC2 Member=Component U1 ATSAMD21G18A-AU
Added Room: Name=ABC2
