Change Component Designator: OldDesignator=C27 NewDesignator=C32
Change Component Designator: OldDesignator=C? NewDesignator=C14
Change Component Designator: OldDesignator=C? NewDesignator=C15
Change Component Designator: OldDesignator=C? NewDesignator=C16
Change Component Designator: OldDesignator=C? NewDesignator=C17
Change Component Designator: OldDesignator=C? NewDesignator=C18
Change Component Designator: OldDesignator=C? NewDesignator=C19
Change Component Designator: OldDesignator=C? NewDesignator=C20
Change Component Designator: OldDesignator=C? NewDesignator=C21
Change Component Designator: OldDesignator=C? NewDesignator=C22
Change Component Designator: OldDesignator=C? NewDesignator=C23
Change Component Designator: OldDesignator=C? NewDesignator=C24
Change Component Designator: OldDesignator=C? NewDesignator=C25
Change Component Designator: OldDesignator=C? NewDesignator=C26
Change Component Designator: OldDesignator=C? NewDesignator=C27
Change Component Designator: OldDesignator=C? NewDesignator=C28
Change Component Designator: OldDesignator=C? NewDesignator=C29
Change Component Designator: OldDesignator=C? NewDesignator=C30
Change Component Designator: OldDesignator=C? NewDesignator=C31
Change Component Designator: OldDesignator=D? NewDesignator=D1
Change Component Designator: OldDesignator=D? NewDesignator=D2
Change Component Designator: OldDesignator=L? NewDesignator=L3
Change Component Designator: OldDesignator=L? NewDesignator=L4
Change Component Designator: OldDesignator=U? NewDesignator=U3
Change Component Designator: OldDesignator=U? NewDesignator=U4
Change Component Designator: OldDesignator=U? NewDesignator=U5
Change Net Name : Old Net Name=NetC?_1 New Net Name=NetC18_1
Change Net Name : Old Net Name=NetD?_2 New Net Name=NetD1_2
Added Pin To Net: NetName=NetC19_1 Pin=C19-1
Added Pin To Net: NetName=NetC19_1 Pin=U3-4
Added Net: Name=NetC19_1
Added Pin To Net: NetName=NetC20_1 Pin=C20-1
Added Pin To Net: NetName=NetC20_1 Pin=C21-1
Added Pin To Net: NetName=NetC20_1 Pin=U4-5
Added Net: Name=NetC20_1
Added Pin To Net: NetName=NetC22_1 Pin=C22-1
Added Pin To Net: NetName=NetC22_1 Pin=C23-1
Added Pin To Net: NetName=NetC22_1 Pin=U4-8
Added Net: Name=NetC22_1
Added Pin To Net: NetName=NetC24_1 Pin=C24-1
Added Pin To Net: NetName=NetC24_1 Pin=D1-1
Added Pin To Net: NetName=NetC24_1 Pin=U3-6
Added Net: Name=NetC24_1
Added Pin To Net: NetName=NetC25_1 Pin=C25-1
Added Pin To Net: NetName=NetC25_1 Pin=C26-1
Added Pin To Net: NetName=NetC25_1 Pin=U4-10
Added Net: Name=NetC25_1
Added Pin To Net: NetName=NetC29_1 Pin=C29-1
Added Pin To Net: NetName=NetC29_1 Pin=U5-14
Added Net: Name=NetC29_1
Added Pin To Net: NetName=NetC30_1 Pin=C30-1
Added Pin To Net: NetName=NetC30_1 Pin=U5-1
Added Net: Name=NetC30_1
Added Pin To Net: NetName=NetC31_1 Pin=C31-1
Added Pin To Net: NetName=NetC31_1 Pin=D2-1
Added Pin To Net: NetName=NetC31_1 Pin=U5-9
Added Net: Name=NetC31_1
Added Pin To Net: NetName=NetD2_2 Pin=D2-2
Added Pin To Net: NetName=NetD2_2 Pin=L4-1
Added Pin To Net: NetName=NetD2_2 Pin=U5-8
Added Net: Name=NetD2_2
Added Member To Class: ClassName=ABC2 Member=Component C14 C0805C105K3RACTU
Added Member To Class: ClassName=ABC2 Member=Component C15 CC0805KRX7R9BB104
Added Member To Class: ClassName=ABC2 Member=Component C16 C0805C105K3RACTU
Added Member To Class: ClassName=ABC2 Member=Component C17 CC0805KRX7R9BB104
Added Member To Class: ClassName=ABC2 Member=Component C18 C0805C105K3RACTU
Added Member To Class: ClassName=ABC2 Member=Component C19 C0805C105K3RACTU
Added Member To Class: ClassName=ABC2 Member=Component C20 C0805C105K3RACTU
Added Member To Class: ClassName=ABC2 Member=Component C21 CC0805KRX7R9BB104
Added Member To Class: ClassName=ABC2 Member=Component C22 C0805C105K3RACTU
Added Member To Class: ClassName=ABC2 Member=Component C23 CC0805KRX7R9BB104
Added Member To Class: ClassName=ABC2 Member=Component C24 CC0805KRX7R9BB104
Added Member To Class: ClassName=ABC2 Member=Component C26 CC0805KRX7R9BB104
Added Member To Class: ClassName=ABC2 Member=Component C28 CC0805KRX7R9BB104
Added Member To Class: ClassName=ABC2 Member=Component C29 C0805C105K3RACTU
Added Member To Class: ClassName=ABC2 Member=Component C30 C0805C105K3RACTU
Added Member To Class: ClassName=ABC2 Member=Component C31 CC0805KRX7R9BB104
Added Member To Class: ClassName=ABC2 Member=Component C32 .1uf
Added Member To Class: ClassName=ABC2 Member=Component D2 BAT54HT1G
Added Member To Class: ClassName=ABC2 Member=Component L4 74477725
Added Member To Class: ClassName=ABC2 Member=Component U3 ADXRS450V
Added Member To Class: ClassName=ABC2 Member=Component U5 ADXRS450
