Change Component Designator: OldDesignator=C21 NewDesignator=C27
Change Component Designator: OldDesignator=C? NewDesignator=C14
Change Component Designator: OldDesignator=C? NewDesignator=C15
Change Component Designator: OldDesignator=C? NewDesignator=C16
Change Component Designator: OldDesignator=C? NewDesignator=C17
Change Component Designator: OldDesignator=C? NewDesignator=C18
Change Component Designator: OldDesignator=C? NewDesignator=C19
Change Component Designator: OldDesignator=C? NewDesignator=C20
Change Component Designator: OldDesignator=C? NewDesignator=C21
Change Component Designator: OldDesignator=C? NewDesignator=C22
Change Component Designator: OldDesignator=C? NewDesignator=C23
Change Component Designator: OldDesignator=C? NewDesignator=C24
Change Component Designator: OldDesignator=C? NewDesignator=C25
Change Component Designator: OldDesignator=C? NewDesignator=C26
Change Component Designator: OldDesignator=C? NewDesignator=C28
Change Component Designator: OldDesignator=C? NewDesignator=C29
Change Component Designator: OldDesignator=C? NewDesignator=C30
Change Component Designator: OldDesignator=C? NewDesignator=C31
Change Component Designator: OldDesignator=C? NewDesignator=C32
Change Component Designator: OldDesignator=D? NewDesignator=D1
Change Component Designator: OldDesignator=D? NewDesignator=D2
Change Component Designator: OldDesignator=L? NewDesignator=L3
Change Component Designator: OldDesignator=L? NewDesignator=L4
Change Component Designator: OldDesignator=U1 NewDesignator=U2
Change Component Designator: OldDesignator=U2 NewDesignator=U1
Change Component Designator: OldDesignator=U? NewDesignator=U3
Change Component Designator: OldDesignator=U? NewDesignator=U4
Change Component Designator: OldDesignator=U? NewDesignator=U5
Change Net Name : Old Net Name=NetC?_1 New Net Name=NetC18_1
Change Net Name : Old Net Name=NetC?_2 New Net Name=NetC30_2
Change Net Name : Old Net Name=NetD?_2 New Net Name=NetD2_2
Added Pin To Net: NetName=NetC20_1 Pin=C20-1
Added Pin To Net: NetName=NetC20_1 Pin=C21-2
Added Pin To Net: NetName=NetC20_1 Pin=U3-10
Added Net: Name=NetC20_1
Added Pin To Net: NetName=NetC24_2 Pin=C24-2
Added Pin To Net: NetName=NetC24_2 Pin=U4-14
Added Net: Name=NetC24_2
Added Pin To Net: NetName=NetC25_2 Pin=C25-2
Added Pin To Net: NetName=NetC25_2 Pin=U4-1
Added Net: Name=NetC25_2
Added Pin To Net: NetName=NetC26_2 Pin=C26-2
Added Pin To Net: NetName=NetC26_2 Pin=D1-1
Added Pin To Net: NetName=NetC26_2 Pin=U4-9
Added Net: Name=NetC26_2
Added Pin To Net: NetName=NetC31_2 Pin=C31-2
Added Pin To Net: NetName=NetC31_2 Pin=U5-1
Added Net: Name=NetC31_2
Added Pin To Net: NetName=NetC32_2 Pin=C32-2
Added Pin To Net: NetName=NetC32_2 Pin=D2-1
Added Pin To Net: NetName=NetC32_2 Pin=U5-9
Added Net: Name=NetC32_2
Added Pin To Net: NetName=NetD1_2 Pin=D1-2
Added Pin To Net: NetName=NetD1_2 Pin=L3-1
Added Pin To Net: NetName=NetD1_2 Pin=U4-8
Added Net: Name=NetD1_2
Added Member To Class: ClassName=ABC2 Member=Component C14 100nF
Added Member To Class: ClassName=ABC2 Member=Component C15 1uF
Added Member To Class: ClassName=ABC2 Member=Component C16 100nF
Added Member To Class: ClassName=ABC2 Member=Component C17 1uF
Added Member To Class: ClassName=ABC2 Member=Component C18 1uF
Added Member To Class: ClassName=ABC2 Member=Component C19 1uF
Added Member To Class: ClassName=ABC2 Member=Component C22 1uF
Added Member To Class: ClassName=ABC2 Member=Component C23 100nF
Added Member To Class: ClassName=ABC2 Member=Component C24 1uF
Added Member To Class: ClassName=ABC2 Member=Component C25 1uF
Added Member To Class: ClassName=ABC2 Member=Component C26 100nF
Added Member To Class: ClassName=ABC2 Member=Component C27 .1uf
Added Member To Class: ClassName=ABC2 Member=Component C28 1uF
Added Member To Class: ClassName=ABC2 Member=Component C29 100nF
Added Member To Class: ClassName=ABC2 Member=Component C30 1uF
Added Member To Class: ClassName=ABC2 Member=Component C31 1uF
Added Member To Class: ClassName=ABC2 Member=Component C32 100nF
Added Member To Class: ClassName=ABC2 Member=Component D2 >24V breakdown
Added Member To Class: ClassName=ABC2 Member=Component L4 560uH, 50mA
Added Member To Class: ClassName=ABC2 Member=Component U3 ADXL357
Added Member To Class: ClassName=ABC2 Member=Component U4 ADXRS450
Added Room: Name=ABC2
